<?xml version="1.0" encoding="UTF-8"?>
<robot generator="Robot 6.0.2 (Python 3.10.10 on darwin)" generated="20230524 09:04:29.802" rpa="false" schemaversion="3">
<suite id="s1" name="searchTshirts" source="/Users/karenduque/Desktop/karen/KarenLocal/MercadoLibre_RobotFramework/MercadoLibre/specs/searchTshirts.robot">
<test id="s1-t1" name="Search T-shirts" line="9">
<kw name="Given the MercadoLibre page is open">
<kw name="Given I am in MercadoLibre page" library="mercadoLibre-facade">
<kw name="Open Browser" library="Selenium2Library">
<arg>${URL_MercadoLibre}</arg>
<arg>chrome</arg>
<doc>Opens a new browser instance to the optional ``url``.</doc>
<msg timestamp="20230524 09:04:30.037" level="INFO">Opening browser 'chrome' to base url 'https://www.mercadolibre.com.co'.</msg>
<status status="PASS" starttime="20230524 09:04:30.037" endtime="20230524 09:04:34.876"/>
</kw>
<kw name="Maximize Browser Window" library="Selenium2Library">
<doc>Maximizes current browser window.</doc>
<status status="PASS" starttime="20230524 09:04:34.876" endtime="20230524 09:04:35.356"/>
</kw>
<status status="PASS" starttime="20230524 09:04:30.037" endtime="20230524 09:04:35.356"/>
</kw>
<kw name="Then Print title of MercadoLibre home" library="mercadoLibre-facade">
<kw name="Get Title" library="Selenium2Library">
<var>${title}</var>
<doc>Returns the title of the current page.</doc>
<msg timestamp="20230524 09:04:35.362" level="INFO">${title} = Mercado Libre Colombia - Envíos Gratis en el día</msg>
<status status="PASS" starttime="20230524 09:04:35.357" endtime="20230524 09:04:35.362"/>
</kw>
<kw name="Log To Console" library="BuiltIn">
<arg>${title}</arg>
<doc>Logs the given message to the console.</doc>
<status status="PASS" starttime="20230524 09:04:35.362" endtime="20230524 09:04:35.362"/>
</kw>
<status status="PASS" starttime="20230524 09:04:35.357" endtime="20230524 09:04:35.363"/>
</kw>
<status status="PASS" starttime="20230524 09:04:30.036" endtime="20230524 09:04:35.363"/>
</kw>
<kw name="When the search is completed">
<kw name="When the data filled correnctly" library="searchTshirts-sd">
<kw name="I fill the search bar" library="searchTshirts-page">
<kw name="Input Text" library="Selenium2Library">
<arg>${navSearchInput}</arg>
<arg>camisetas</arg>
<doc>Types the given ``text`` into the text field identified by ``locator``.</doc>
<msg timestamp="20230524 09:04:35.365" level="INFO">Typing text 'camisetas' into text field 'id:cb1-edit'.</msg>
<status status="PASS" starttime="20230524 09:04:35.364" endtime="20230524 09:04:35.587"/>
</kw>
<status status="PASS" starttime="20230524 09:04:35.364" endtime="20230524 09:04:35.588"/>
</kw>
<kw name="I click on the icon search" library="searchTshirts-page">
<kw name="Click Element" library="Selenium2Library">
<arg>${iconSearch}</arg>
<doc>Click the element identified by ``locator``.</doc>
<msg timestamp="20230524 09:04:35.589" level="INFO">Clicking element 'css:.nav-search-btn .nav-icon-search'.</msg>
<status status="PASS" starttime="20230524 09:04:35.588" endtime="20230524 09:04:41.121"/>
</kw>
<status status="PASS" starttime="20230524 09:04:35.588" endtime="20230524 09:04:41.121"/>
</kw>
<status status="PASS" starttime="20230524 09:04:35.363" endtime="20230524 09:04:41.122"/>
</kw>
<status status="PASS" starttime="20230524 09:04:35.363" endtime="20230524 09:04:41.122"/>
</kw>
<kw name="Then the user can see the results list">
<kw name="Then shows the results successful" library="searchTshirts-sd">
<kw name="Get Text" library="Selenium2Library">
<var>${responseM1}</var>
<arg>${resultTitle}</arg>
<doc>Returns the text value of the element identified by ``locator``.</doc>
<msg timestamp="20230524 09:04:41.427" level="INFO" html="true">&lt;/td&gt;&lt;/tr&gt;&lt;tr&gt;&lt;td colspan="3"&gt;&lt;a href="selenium-screenshot-4.png"&gt;&lt;img src="selenium-screenshot-4.png" width="800px"&gt;&lt;/a&gt;</msg>
<msg timestamp="20230524 09:04:41.427" level="FAIL">Element with locator 'css:ui-search-breadcrumb__title.shops-custom-primary-font' not found.</msg>
<status status="FAIL" starttime="20230524 09:04:41.123" endtime="20230524 09:04:41.432"/>
</kw>
<kw name="Should Be Equal As Strings" library="BuiltIn">
<arg>${responseM1}</arg>
<arg>camisetas</arg>
<doc>Fails if objects are unequal after converting them to strings.</doc>
<status status="NOT RUN" starttime="20230524 09:04:41.432" endtime="20230524 09:04:41.432"/>
</kw>
<kw name="Get Text" library="Selenium2Library">
<var>${responseM2}</var>
<arg>${resultsTitle}</arg>
<doc>Returns the text value of the element identified by ``locator``.</doc>
<status status="NOT RUN" starttime="20230524 09:04:41.432" endtime="20230524 09:04:41.432"/>
</kw>
<kw name="Should Be Equal As Strings" library="BuiltIn">
<arg>${responseM2}</arg>
<arg>camisetas</arg>
<doc>Fails if objects are unequal after converting them to strings.</doc>
<status status="NOT RUN" starttime="20230524 09:04:41.432" endtime="20230524 09:04:41.432"/>
</kw>
<kw name="Click Element" library="Selenium2Library">
<arg>${nextButton}</arg>
<doc>Click the element identified by ``locator``.</doc>
<status status="NOT RUN" starttime="20230524 09:04:41.432" endtime="20230524 09:04:41.432"/>
</kw>
<kw name="Should Be Equal As Strings" library="BuiltIn">
<arg>${responseM2}</arg>
<arg>camisetas</arg>
<doc>Fails if objects are unequal after converting them to strings.</doc>
<status status="NOT RUN" starttime="20230524 09:04:41.433" endtime="20230524 09:04:41.433"/>
</kw>
<kw name="Click Element" library="Selenium2Library">
<arg>${nextButton}</arg>
<doc>Click the element identified by ``locator``.</doc>
<status status="NOT RUN" starttime="20230524 09:04:41.433" endtime="20230524 09:04:41.433"/>
</kw>
<kw name="Should Be Equal As Strings" library="BuiltIn">
<arg>${responseM2}</arg>
<arg>camisetas</arg>
<doc>Fails if objects are unequal after converting them to strings.</doc>
<status status="NOT RUN" starttime="20230524 09:04:41.433" endtime="20230524 09:04:41.433"/>
</kw>
<kw name="Close Browser" library="Selenium2Library">
<doc>Closes the current browser.</doc>
<status status="NOT RUN" starttime="20230524 09:04:41.433" endtime="20230524 09:04:41.433"/>
</kw>
<status status="FAIL" starttime="20230524 09:04:41.122" endtime="20230524 09:04:41.433"/>
</kw>
<status status="FAIL" starttime="20230524 09:04:41.122" endtime="20230524 09:04:41.433"/>
</kw>
<status status="FAIL" starttime="20230524 09:04:30.035" endtime="20230524 09:04:41.434">Element with locator 'css:ui-search-breadcrumb__title.shops-custom-primary-font' not found.</status>
</test>
<status status="FAIL" starttime="20230524 09:04:29.804" endtime="20230524 09:04:41.435"/>
</suite>
<statistics>
<total>
<stat pass="0" fail="1" skip="0">All Tests</stat>
</total>
<tag>
</tag>
<suite>
<stat pass="0" fail="1" skip="0" id="s1" name="searchTshirts">searchTshirts</stat>
</suite>
</statistics>
<errors>
</errors>
</robot>
